[33m
ðŸ --- Starting compilation and setup phase. Hold tight... ------------------------
[0m
[33m
ðŸ --- Compiling wasp project... --------------------------------------------------
[0m
[33m
âœ… --- Successfully completed npm install. ----------------------------------------
[0m
[33m
ðŸ --- Setting up database... -----------------------------------------------------
[0m
[33m
âœ… --- Database successfully set up. ----------------------------------------------
[0m
[33m
ðŸ --- Building SDK... ------------------------------------------------------------
[0m

[33m[[0m  [33mWasp[0m  [33m][0m > wasp@1.0.0 build
[33m[[0m  [33mWasp[0m  [33m][0m > tsc && node ./scripts/copy-assets.js
[33m[[0m  [33mWasp[0m  [33m][0m [33m
âœ… --- SDK built successfully. ----------------------------------------------------
[0m
[33m
âœ… --- Your wasp project has successfully compiled. -------------------------------
[0m
[33m
ðŸ --- Listening for file changes... ----------------------------------------------
[0m
[33m
ðŸ --- Starting up generated project... -------------------------------------------
[0m

[35m[[0m [35mServer[0m [35m][0m > @wasp.sh/generated-server-dev@0.0.0 watch
[35m[[0m [35mServer[0m [35m][0m > nodemon --exec 'npm run bundle-and-start || exit 1'
[35m[[0m [35mServer[0m [35m][0m 
[36m[[0m [36mClient[0m [36m][0m > @wasp.sh/generated-webapp-dev@0.0.0 start
[36m[[0m [36mClient[0m [36m][0m > vite
[36m[[0m [36mClient[0m [36m][0m 
[35m[[0m [35mServer[0m [35m][0m [33m[nodemon] 2.0.22[39m
[35m[[0m [35mServer[0m [35m][0m [33m[nodemon] to restart at any time, enter `rs`[39m
[35m[[0m [35mServer[0m [35m][0m [33m[nodemon] watching path(s): src/**/* ../../../src/**/* .env[39m
[35m[[0m [35mServer[0m [35m][0m [33m[nodemon] watching extensions: ts,mts,js,mjs,json[39m
[35m[[0m [35mServer[0m [35m][0m [32m[nodemon] starting `npm run bundle-and-start || exit 1`[39m
[35m[[0m [35mServer[0m [35m][0m 
[35m[[0m [35mServer[0m [35m][0m > @wasp.sh/generated-server-dev@0.0.0 bundle-and-start
[35m[[0m [35mServer[0m [35m][0m > npm run bundle && npm run start
[35m[[0m [35mServer[0m [35m][0m 
[35m[[0m [35mServer[0m [35m][0m 
[35m[[0m [35mServer[0m [35m][0m > @wasp.sh/generated-server-dev@0.0.0 bundle
[35m[[0m [35mServer[0m [35m][0m > tsc --build && rollup --config --silent
[35m[[0m [35mServer[0m [35m][0m 
[36m[[0m [36mClient[0m [36m][0m 
[36m[[0m [36mClient[0m [36m][0m   VITE v7.3.1  ready in 842 ms
[36m[[0m [36mClient[0m [36m][0m 
[36m[[0m [36mClient[0m [36m][0m   âžœ  Local:   http://localhost:3000/
[36m[[0m [36mClient[0m [36m][0m   âžœ  Network: http://192.168.1.115:3000/
[36m[[0m [36mClient[0m [36m][0m /*! ðŸŒ¼ daisyUI 5.5.14 */
[36m[[0m [36mClient[0m[1m[31m![0m[36m][0m warn - The class `!delay-[0]` is ambiguous and matches multiple utilities.
[36m[[0m [36mClient[0m[1m[31m![0m[36m][0m warn - If this is content and not a class, replace it with `!delay-&lsqb;0&rsqb;` to silence this warning.
[36m[[0m [36mClient[0m[1m[31m![0m[36m][0m 
[36m[[0m [36mClient[0m[1m[31m![0m[36m][0m warn - The class `delay-[0]` is ambiguous and matches multiple utilities.
[36m[[0m [36mClient[0m[1m[31m![0m[36m][0m warn - If this is content and not a class, replace it with `delay-&lsqb;0&rsqb;` to silence this warning.
[35m[[0m [35mServer[0m[1m[31m![0m[35m][0m [1m[31m[!] [1mRollupError: Invalid value for option "output.file" - when building multiple chunks, the "output.dir" option must be used, not "output.file". To inline dynamic imports, set the "inlineDynamicImports" option.[22m[1m[39m[22m
[35m[[0m [35mServer[0m[1m[31m![0m[35m][0m [36mhttps://rollupjs.org/configuration-options/#output-dir[39m
[35m[[0m [35mServer[0m[1m[31m![0m[35m][0m [2m    at getRollupError (/Volumes/ReoXT/Cursor Files/BaseSync/node_modules/rollup/dist/shared/parseAst.js:285:41)
[35m[[0m [35mServer[0m[1m[31m![0m[35m][0m     at Object.error (/Volumes/ReoXT/Cursor Files/BaseSync/node_modules/rollup/dist/shared/parseAst.js:281:42)
[35m[[0m [35mServer[0m[1m[31m![0m[35m][0m     at validateOptionsForMultiChunkOutput (/Volumes/ReoXT/Cursor Files/BaseSync/node_modules/rollup/dist/shared/rollup.js:22225:28)
[35m[[0m [35mServer[0m[1m[31m![0m[35m][0m     at Bundle.generate (/Volumes/ReoXT/Cursor Files/BaseSync/node_modules/rollup/dist/shared/rollup.js:22079:17)
[35m[[0m [35mServer[0m[1m[31m![0m[35m][0m     at process.processTicksAndRejections (node:internal/process/task_queues:103:5)
[35m[[0m [35mServer[0m[1m[31m![0m[35m][0m     at async /Volumes/ReoXT/Cursor Files/BaseSync/node_modules/rollup/dist/shared/rollup.js:23851:27
[35m[[0m [35mServer[0m[1m[31m![0m[35m][0m     at async catchUnfinishedHookActions (/Volumes/ReoXT/Cursor Files/BaseSync/node_modules/rollup/dist/shared/rollup.js:23253:16)
[35m[[0m [35mServer[0m[1m[31m![0m[35m][0m     at async Promise.all (index 0)
[35m[[0m [35mServer[0m[1m[31m![0m[35m][0m     at async build (/Volumes/ReoXT/Cursor Files/BaseSync/node_modules/rollup/dist/bin/rollup:1739:9)
[35m[[0m [35mServer[0m[1m[31m![0m[35m][0m     at async runRollup (/Volumes/ReoXT/Cursor Files/BaseSync/node_modules/rollup/dist/bin/rollup:1858:21)[22m
[35m[[0m [35mServer[0m[1m[31m![0m[35m][0m 
[35m[[0m [35mServer[0m[1m[31m![0m[35m][0m 
[35m[[0m [35mServer[0m[1m[31m![0m[35m][0m npm error Lifecycle script `bundle` failed with error:
[35m[[0m [35mServer[0m[1m[31m![0m[35m][0m npm error code 1
[35m[[0m [35mServer[0m[1m[31m![0m[35m][0m npm error path /Volumes/ReoXT/Cursor Files/BaseSync/.wasp/out/server
[35m[[0m [35mServer[0m[1m[31m![0m[35m][0m npm error workspace @wasp.sh/generated-server-dev@0.0.0
[35m[[0m [35mServer[0m[1m[31m![0m[35m][0m npm error location /Volumes/ReoXT/Cursor Files/BaseSync/.wasp/out/server
[35m[[0m [35mServer[0m[1m[31m![0m[35m][0m npm error command failed
[35m[[0m [35mServer[0m[1m[31m![0m[35m][0m npm error command sh -c tsc --build && rollup --config --silent
[35m[[0m [35mServer[0m[1m[31m![0m[35m][0m npm error Lifecycle script `bundle-and-start` failed with error:
[35m[[0m [35mServer[0m[1m[31m![0m[35m][0m npm error code 1
[35m[[0m [35mServer[0m[1m[31m![0m[35m][0m npm error path /Volumes/ReoXT/Cursor Files/BaseSync/.wasp/out/server
[35m[[0m [35mServer[0m[1m[31m![0m[35m][0m npm error workspace @wasp.sh/generated-server-dev@0.0.0
[35m[[0m [35mServer[0m[1m[31m![0m[35m][0m npm error location /Volumes/ReoXT/Cursor Files/BaseSync/.wasp/out/server
[35m[[0m [35mServer[0m[1m[31m![0m[35m][0m npm error command failed
[35m[[0m [35mServer[0m[1m[31m![0m[35m][0m npm error command sh -c npm run bundle && npm run start
[35m[[0m [35mServer[0m [35m][0m [31m[nodemon] app crashed - waiting for file changes before starting...[39m
[35m[[0m [35mServer[0m[1m[31m![0m[35m][0m npm error Lifecycle script `watch` failed with error:
[35m[[0m [35mServer[0m[1m[31m![0m[35m][0m npm error code 143
[35m[[0m [35mServer[0m[1m[31m![0m[35m][0m npm error path /Volumes/ReoXT/Cursor Files/BaseSync/.wasp/out/server
[35m[[0m [35mServer[0m[1m[31m![0m[35m][0m npm error workspace @wasp.sh/generated-server-dev@0.0.0
[35m[[0m [35mServer[0m[1m[31m![0m[35m][0m npm error location /Volumes/ReoXT/Cursor Files/BaseSync/.wasp/out/server
[35m[[0m [35mServer[0m[1m[31m![0m[35m][0m npm error command failed
[35m[[0m [35mServer[0m[1m[31m![0m[35m][0m npm error command sh -c nodemon --exec 'npm run bundle-and-start || exit 1'